<?xml version="1.0" encoding="UTF-8"?>
<!-- Generated by org.testng.reporters.JUnitReportReporter -->
<testsuite hostname="JAFRA" name="tests.AmazonAccountandListsTest" tests="2" failures="0" timestamp="28 Dec 2018 22:38:56 GMT" time="35.169" errors="0">
  <testcase name="testAmazonSignIn" time="17.357" classname="tests.AmazonAccountandListsTest"/>
  <testcase name="testamazonAccountandLists" time="17.812" classname="tests.AmazonAccountandListsTest"/>
</testsuite> <!-- tests.AmazonAccountandListsTest -->
