<?xml version="1.0" encoding="UTF-8"?>
<!-- Generated by org.testng.reporters.JUnitReportReporter -->
<testsuite hostname="JAFRA" name="tests.YearEndDealsTest" tests="1" failures="0" timestamp="28 Dec 2018 23:54:37 GMT" time="7.519" errors="0">
  <testcase name="AmazonSignOutTest" time="7.519" classname="tests.YearEndDealsTest"/>
</testsuite> <!-- tests.YearEndDealsTest -->
