<?xml version="1.0" encoding="UTF-8"?>
<!-- Generated by org.testng.reporters.JUnitReportReporter -->
<testsuite hostname="JAFRA" name="tests.OrderTest" tests="1" failures="0" timestamp="28 Dec 2018 22:51:35 GMT" time="6.954" errors="0">
  <testcase name="AmazonSignOutTest" time="6.954" classname="tests.OrderTest"/>
</testsuite> <!-- tests.OrderTest -->
