<?xml version="1.0" encoding="UTF-8"?>
<!-- Generated by org.testng.reporters.JUnitReportReporter -->
<testsuite hostname="JAFRA" name="tests.AmazonSignInTest" tests="2" failures="0" timestamp="29 Dec 2018 02:03:40 GMT" time="11.826" errors="0">
  <testcase name="AmazonSignOutTest" time="0.063" classname="tests.AmazonSignInTest"/>
  <testcase name="AmazonSignInTest" time="11.763" classname="tests.AmazonSignInTest"/>
</testsuite> <!-- tests.AmazonSignInTest -->
