<?xml version="1.0" encoding="UTF-8"?>
<!-- Generated by org.testng.reporters.JUnitReportReporter -->
<testsuite hostname="JAFRA" name="tests.ENtest" tests="1" failures="0" timestamp="29 Dec 2018 00:55:46 GMT" time="21.172" errors="0">
  <testcase name="giftCardsTest" time="21.172" classname="tests.ENtest"/>
</testsuite> <!-- tests.ENtest -->
