<?xml version="1.0" encoding="UTF-8"?>
<!-- Generated by org.testng.reporters.JUnitReportReporter -->
<testsuite hostname="JAFRA" name="tests.AmazonSignInTest" tests="2" failures="0" timestamp="28 Dec 2018 21:49:06 GMT" time="16.216" errors="0">
  <testcase name="AmazonSignOutTest" time="6.492" classname="tests.AmazonSignInTest"/>
  <testcase name="AmazonSignInTest" time="9.724" classname="tests.AmazonSignInTest"/>
</testsuite> <!-- tests.AmazonSignInTest -->
